#-----------------------------------------------------------
# Vivado v2022.2 (64-bit)
# SW Build 3671981 on Fri Oct 14 05:00:03 MDT 2022
# IP Build 3669848 on Fri Oct 14 08:30:02 MDT 2022
# Start of session at: Fri Jun 30 04:44:43 2023
# Process ID: 5976
# Current directory: D:/Github/FlybackConverter-FPGA-based-Digital-Twin/Vivado/flyback_converter_serial.xpr/callPWM
# Command line: vivado.exe -gui_launcher_event rodinguilauncherevent20396 D:\Github\FlybackConverter-FPGA-based-Digital-Twin\Vivado\flyback_converter_serial.xpr\callPWM\callPWM.xpr
# Log file: D:/Github/FlybackConverter-FPGA-based-Digital-Twin/Vivado/flyback_converter_serial.xpr/callPWM/vivado.log
# Journal file: D:/Github/FlybackConverter-FPGA-based-Digital-Twin/Vivado/flyback_converter_serial.xpr/callPWM\vivado.jou
# Running On: Milanesi-Dell, OS: Windows, CPU Frequency: 2208 MHz, CPU Physical cores: 6, Host memory: 16879 MB
#-----------------------------------------------------------
start_gui
open_project D:/Github/FlybackConverter-FPGA-based-Digital-Twin/Vivado/flyback_converter_serial.xpr/callPWM/callPWM.xpr
INFO: [ProjectBase 1-489] The host OS only allows 260 characters in a normal path. The project is stored in a path with more than 80 characters. If you experience issues with IP, Block Designs, or files not being found, please consider moving the project to a location with a shorter path. Alternately consider using the OS subst command to map part of the path to a drive letter.
Current project path is 'D:/Github/FlybackConverter-FPGA-based-Digital-Twin/Vivado/flyback_converter_serial.xpr/callPWM'
WARNING: [Board 49-26] cannot add Board Part xilinx.com:kcu105:part0:1.6 available at D:/Vivado/2022.2/data/xhub/boards/XilinxBoardStore/boards/Xilinx/kcu105/1.6/board.xml as part xcku040-ffva1156-2-e specified in board_part file is either invalid or not available
WARNING: [Board 49-26] cannot add Board Part xilinx.com:kcu105:part0:1.7 available at D:/Vivado/2022.2/data/xhub/boards/XilinxBoardStore/boards/Xilinx/kcu105/1.7/board.xml as part xcku040-ffva1156-2-e specified in board_part file is either invalid or not available
WARNING: [Board 49-26] cannot add Board Part xilinx.com:kcu116:part0:1.4 available at D:/Vivado/2022.2/data/xhub/boards/XilinxBoardStore/boards/Xilinx/kcu116/1.4/board.xml as part xcku5p-ffvb676-2-e specified in board_part file is either invalid or not available
WARNING: [Board 49-26] cannot add Board Part xilinx.com:kcu116:part0:1.5 available at D:/Vivado/2022.2/data/xhub/boards/XilinxBoardStore/boards/Xilinx/kcu116/1.5/board.xml as part xcku5p-ffvb676-2-e specified in board_part file is either invalid or not available
WARNING: [Board 49-26] cannot add Board Part xilinx.com:vcu108:part0:1.6 available at D:/Vivado/2022.2/data/xhub/boards/XilinxBoardStore/boards/Xilinx/vcu108/1.6/board.xml as part xcvu095-ffva2104-2-e specified in board_part file is either invalid or not available
WARNING: [Board 49-26] cannot add Board Part xilinx.com:vcu108:part0:1.7 available at D:/Vivado/2022.2/data/xhub/boards/XilinxBoardStore/boards/Xilinx/vcu108/1.7/board.xml as part xcvu095-ffva2104-2-e specified in board_part file is either invalid or not available
WARNING: [Board 49-26] cannot add Board Part xilinx.com:vcu110:part0:1.4 available at D:/Vivado/2022.2/data/xhub/boards/XilinxBoardStore/boards/Xilinx/vcu110/1.4/board.xml as part xcvu190-flgc2104-2-e specified in board_part file is either invalid or not available
WARNING: [Board 49-26] cannot add Board Part xilinx.com:vcu128:part0:1.0 available at D:/Vivado/2022.2/data/xhub/boards/XilinxBoardStore/boards/Xilinx/vcu128/production/1.0/board.xml as part xcvu37p-fsvh2892-2l-e specified in board_part file is either invalid or not available
WARNING: [Board 49-26] cannot add Board Part xilinx.com:vcu129:part0:1.0 available at D:/Vivado/2022.2/data/xhub/boards/XilinxBoardStore/boards/Xilinx/vcu129/production/1.0/board.xml as part xcvu29p-fsga2577-2l-e specified in board_part file is either invalid or not available
WARNING: [Board 49-26] cannot add Board Part xilinx.com:vek280_es:part0:1.0 available at D:/Vivado/2022.2/data/xhub/boards/XilinxBoardStore/boards/Xilinx/vek280/es/1.0/board.xml as part xcve2802-vsvh1760-2lp-e-s-es1 specified in board_part file is either invalid or not available
WARNING: [Board 49-26] cannot add Board Part xilinx.com:vhk158_es:part0:1.0 available at D:/Vivado/2022.2/data/xhub/boards/XilinxBoardStore/boards/Xilinx/vhk158/es/1.0/board.xml as part xcvh1582-vsva3697-2mp-e-s-es1 specified in board_part file is either invalid or not available
WARNING: [Board 49-26] cannot add Board Part xilinx.com:vmk180:part0:2.2 available at D:/Vivado/2022.2/data/xhub/boards/XilinxBoardStore/boards/Xilinx/vmk180/production/2.2/board.xml as part xcvm1802-vsva2197-2mp-e-s specified in board_part file is either invalid or not available
WARNING: [Board 49-26] cannot add Board Part xilinx.com:vmk180:part0:3.0 available at D:/Vivado/2022.2/data/xhub/boards/XilinxBoardStore/boards/Xilinx/vmk180/production/3.0/board.xml as part xcvm1802-vsva2197-2mp-e-s specified in board_part file is either invalid or not available
WARNING: [Board 49-26] cannot add Board Part xilinx.com:vmk180:part0:3.1 available at D:/Vivado/2022.2/data/xhub/boards/XilinxBoardStore/boards/Xilinx/vmk180/production/3.1/board.xml as part xcvm1802-vsva2197-2mp-e-s specified in board_part file is either invalid or not available
WARNING: [Board 49-26] cannot add Board Part xilinx.com:vmk180_newl:part0:1.0 available at D:/Vivado/2022.2/data/xhub/boards/XilinxBoardStore/boards/Xilinx/vmk180_newl/production/1.0/board.xml as part xcvm1802-vsva2197-2mp-e-s specified in board_part file is either invalid or not available
WARNING: [Board 49-26] cannot add Board Part xilinx.com:vpk120:part0:1.0 available at D:/Vivado/2022.2/data/xhub/boards/XilinxBoardStore/boards/Xilinx/vpk120/production/1.0/board.xml as part xcvp1202-vsva2785-2mp-e-s specified in board_part file is either invalid or not available
WARNING: [Board 49-26] cannot add Board Part xilinx.com:vpk120_es:part0:1.2 available at D:/Vivado/2022.2/data/xhub/boards/XilinxBoardStore/boards/Xilinx/vpk120/es/1.2/board.xml as part xcvp1202-vsva2785-2mp-e-s-es1 specified in board_part file is either invalid or not available
WARNING: [Board 49-26] cannot add Board Part xilinx.com:vpk120_es_revb:part0:1.0 available at D:/Vivado/2022.2/data/xhub/boards/XilinxBoardStore/boards/Xilinx/vpk120_revb/es/1.0/board.xml as part xcvp1202-vsva2785-2mp-e-s-es1 specified in board_part file is either invalid or not available
WARNING: [Board 49-26] cannot add Board Part xilinx.com:vpk180_es:part0:1.0 available at D:/Vivado/2022.2/data/xhub/boards/XilinxBoardStore/boards/Xilinx/vpk180/es/1.0/board.xml as part xcvp1802-lsvc4072-2mp-e-s-es1 specified in board_part file is either invalid or not available
WARNING: [Board 49-26] cannot add Board Part xilinx.com:zcu208ld:part0:2.0 available at D:/Vivado/2022.2/data/xhub/boards/XilinxBoardStore/boards/Xilinx/zcu208ld/production/2.0/board.xml as part xczu58dr-fsvg1517-2-i specified in board_part file is either invalid or not available
WARNING: [Board 49-26] cannot add Board Part xilinx.com:zcu216ld:part0:2.0 available at D:/Vivado/2022.2/data/xhub/boards/XilinxBoardStore/boards/Xilinx/zcu216ld/production/2.0/board.xml as part xczu59dr-ffvf1760-2-i specified in board_part file is either invalid or not available
WARNING: [Board 49-26] cannot add Board Part xilinx.com:zcu670:part0:2.0 available at D:/Vivado/2022.2/data/xhub/boards/XilinxBoardStore/boards/Xilinx/zcu670/2.0/board.xml as part xczu67dr-fsve1156-2-i specified in board_part file is either invalid or not available
WARNING: [Board 49-26] cannot add Board Part xilinx.com:zcu670ld:part0:1.0 available at D:/Vivado/2022.2/data/xhub/boards/XilinxBoardStore/boards/Xilinx/zcu670ld/1.0/board.xml as part xczu57dr-fsve1156-2-i specified in board_part file is either invalid or not available
Scanning sources...
Finished scanning sources
INFO: [IP_Flow 19-234] Refreshing IP repositories
INFO: [IP_Flow 19-1704] No user IP repositories specified
INFO: [IP_Flow 19-2313] Loaded Vivado IP repository 'D:/Vivado/2022.2/data/ip'.
open_project: Time (s): cpu = 00:00:19 ; elapsed = 00:00:14 . Memory (MB): peak = 1329.500 ; gain = 375.363
update_compile_order -fileset sources_1
update_files -from_files {{D:/Github/FlybackConverter-FPGA-based-Digital-Twin/HDL Code Generation/PID/flyback_pid/PID.v}} -to_files D:/Github/FlybackConverter-FPGA-based-Digital-Twin/Vivado/flyback_converter_serial.xpr/callPWM/callPWM.srcs/sources_1/imports/flyback_pid/PID.v -filesets [get_filesets *]
INFO: [filemgmt 20-762] Replacing file 'D:/Github/FlybackConverter-FPGA-based-Digital-Twin/Vivado/flyback_converter_serial.xpr/callPWM/callPWM.srcs/sources_1/imports/flyback_pid/PID.v' with file 'D:/Github/FlybackConverter-FPGA-based-Digital-Twin/HDL Code Generation/PID/flyback_pid/PID.v'.
INFO: [filemgmt 20-1080] Importing file from 'D:/Github/FlybackConverter-FPGA-based-Digital-Twin/HDL Code Generation/PID/flyback_pid/PID.v' to 'D:/Github/FlybackConverter-FPGA-based-Digital-Twin/Vivado/flyback_converter_serial.xpr/callPWM/callPWM.srcs/sources_1/imports/flyback_pid/PID.v'.
update_compile_order -fileset sources_1
reset_run synth_1
launch_runs impl_1 -to_step write_bitstream -jobs 12
INFO: [Vivado 12-4149] The synthesis checkpoint for IP 'D:/Github/FlybackConverter-FPGA-based-Digital-Twin/Vivado/flyback_converter_serial.xpr/callPWM/callPWM.srcs/sources_1/ip/xadc_wiz_0/xadc_wiz_0.xci' is already up-to-date
[Fri Jun 30 05:23:11 2023] Launched synth_1...
Run output will be captured here: D:/Github/FlybackConverter-FPGA-based-Digital-Twin/Vivado/flyback_converter_serial.xpr/callPWM/callPWM.runs/synth_1/runme.log
[Fri Jun 30 05:23:11 2023] Launched impl_1...
Run output will be captured here: D:/Github/FlybackConverter-FPGA-based-Digital-Twin/Vivado/flyback_converter_serial.xpr/callPWM/callPWM.runs/impl_1/runme.log
open_hw_manager
connect_hw_server -allow_non_jtag
INFO: [Labtools 27-2285] Connecting to hw_server url TCP:localhost:3121
INFO: [Labtools 27-2222] Launching hw_server...
INFO: [Labtools 27-2221] Launch Output:

****** Xilinx hw_server v2022.2
  **** Build date : Oct 14 2022 at 05:18:10
    ** Copyright 1986-2022 Xilinx, Inc. All Rights Reserved.


INFO: [Labtools 27-3415] Connecting to cs_server url TCP:localhost:0
INFO: [Labtools 27-3417] Launching cs_server...
INFO: [Labtools 27-2221] Launch Output:


******** Xilinx cs_server v2022.2.0
  ****** Build date   : Oct 05 2022-01:25:37
    **** Build number : 2022.2.1664925937
      ** Copyright 2017-2023 Xilinx, Inc. All Rights Reserved.



connect_hw_server: Time (s): cpu = 00:00:01 ; elapsed = 00:00:06 . Memory (MB): peak = 1393.539 ; gain = 0.000
open_hw_target
INFO: [Labtoolstcl 44-466] Opening hw_target localhost:3121/xilinx_tcf/Digilent/210352B7DE7AA
open_hw_target: Time (s): cpu = 00:00:07 ; elapsed = 00:00:09 . Memory (MB): peak = 3544.168 ; gain = 2150.629
set_property PROGRAM.FILE {D:/Github/FlybackConverter-FPGA-based-Digital-Twin/Vivado/flyback_converter_serial.xpr/callPWM/callPWM.runs/impl_1/topModule.bit} [get_hw_devices xc7s50_0]
current_hw_device [get_hw_devices xc7s50_0]
refresh_hw_device -update_hw_probes false [lindex [get_hw_devices xc7s50_0] 0]
INFO: [Labtools 27-1434] Device xc7s50 (JTAG device index = 0) is programmed with a design that has no supported debug core(s) in it.
set_property PROBES.FILE {} [get_hw_devices xc7s50_0]
set_property FULL_PROBES.FILE {} [get_hw_devices xc7s50_0]
set_property PROGRAM.FILE {D:/Github/FlybackConverter-FPGA-based-Digital-Twin/Vivado/flyback_converter_serial.xpr/callPWM/callPWM.runs/impl_1/topModule.bit} [get_hw_devices xc7s50_0]
program_hw_devices [get_hw_devices xc7s50_0]
INFO: [Labtools 27-3164] End of startup status: HIGH
refresh_hw_device [lindex [get_hw_devices xc7s50_0] 0]
INFO: [Labtools 27-1434] Device xc7s50 (JTAG device index = 0) is programmed with a design that has no supported debug core(s) in it.
set_property PROBES.FILE {} [get_hw_devices xc7s50_0]
set_property FULL_PROBES.FILE {} [get_hw_devices xc7s50_0]
set_property PROGRAM.FILE {D:/Github/FlybackConverter-FPGA-based-Digital-Twin/Vivado/flyback_converter_serial.xpr/callPWM/callPWM.runs/impl_1/topModule.bit} [get_hw_devices xc7s50_0]
program_hw_devices [get_hw_devices xc7s50_0]
INFO: [Labtools 27-3164] End of startup status: HIGH
refresh_hw_device [lindex [get_hw_devices xc7s50_0] 0]
INFO: [Labtools 27-1434] Device xc7s50 (JTAG device index = 0) is programmed with a design that has no supported debug core(s) in it.
reset_run synth_1
launch_runs impl_1 -to_step write_bitstream -jobs 12
INFO: [Vivado 12-4149] The synthesis checkpoint for IP 'D:/Github/FlybackConverter-FPGA-based-Digital-Twin/Vivado/flyback_converter_serial.xpr/callPWM/callPWM.srcs/sources_1/ip/xadc_wiz_0/xadc_wiz_0.xci' is already up-to-date
[Fri Jun 30 05:32:15 2023] Launched synth_1...
Run output will be captured here: D:/Github/FlybackConverter-FPGA-based-Digital-Twin/Vivado/flyback_converter_serial.xpr/callPWM/callPWM.runs/synth_1/runme.log
[Fri Jun 30 05:32:16 2023] Launched impl_1...
Run output will be captured here: D:/Github/FlybackConverter-FPGA-based-Digital-Twin/Vivado/flyback_converter_serial.xpr/callPWM/callPWM.runs/impl_1/runme.log
close_hw_manager
open_hw_manager
connect_hw_server -allow_non_jtag
INFO: [Labtools 27-2285] Connecting to hw_server url TCP:localhost:3121
INFO: [Labtools 27-2222] Launching hw_server...
INFO: [Labtools 27-2221] Launch Output:

****** Xilinx hw_server v2022.2
  **** Build date : Oct 14 2022 at 05:18:10
    ** Copyright 1986-2022 Xilinx, Inc. All Rights Reserved.


INFO: [Labtools 27-3415] Connecting to cs_server url TCP:localhost:0
INFO: [Labtools 27-3417] Launching cs_server...
INFO: [Labtools 27-2221] Launch Output:


******** Xilinx cs_server v2022.2.0
  ****** Build date   : Oct 05 2022-01:25:37
    **** Build number : 2022.2.1664925937
      ** Copyright 2017-2023 Xilinx, Inc. All Rights Reserved.



connect_hw_server: Time (s): cpu = 00:00:01 ; elapsed = 00:00:05 . Memory (MB): peak = 3586.531 ; gain = 0.000
open_hw_target
INFO: [Labtoolstcl 44-466] Opening hw_target localhost:3121/xilinx_tcf/Digilent/210352B7DE7AA
set_property PROGRAM.FILE {D:/Github/FlybackConverter-FPGA-based-Digital-Twin/Vivado/flyback_converter_serial.xpr/callPWM/callPWM.runs/impl_1/topModule.bit} [get_hw_devices xc7s50_0]
current_hw_device [get_hw_devices xc7s50_0]
refresh_hw_device -update_hw_probes false [lindex [get_hw_devices xc7s50_0] 0]
INFO: [Labtools 27-1434] Device xc7s50 (JTAG device index = 0) is programmed with a design that has no supported debug core(s) in it.
set_property PROBES.FILE {} [get_hw_devices xc7s50_0]
set_property FULL_PROBES.FILE {} [get_hw_devices xc7s50_0]
set_property PROGRAM.FILE {D:/Github/FlybackConverter-FPGA-based-Digital-Twin/Vivado/flyback_converter_serial.xpr/callPWM/callPWM.runs/impl_1/topModule.bit} [get_hw_devices xc7s50_0]
program_hw_devices [get_hw_devices xc7s50_0]
INFO: [Labtools 27-3164] End of startup status: HIGH
refresh_hw_device [lindex [get_hw_devices xc7s50_0] 0]
INFO: [Labtools 27-1434] Device xc7s50 (JTAG device index = 0) is programmed with a design that has no supported debug core(s) in it.
reset_run synth_1
launch_runs impl_1 -to_step write_bitstream -jobs 12
INFO: [Vivado 12-4149] The synthesis checkpoint for IP 'D:/Github/FlybackConverter-FPGA-based-Digital-Twin/Vivado/flyback_converter_serial.xpr/callPWM/callPWM.srcs/sources_1/ip/xadc_wiz_0/xadc_wiz_0.xci' is already up-to-date
[Fri Jun 30 05:36:38 2023] Launched synth_1...
Run output will be captured here: D:/Github/FlybackConverter-FPGA-based-Digital-Twin/Vivado/flyback_converter_serial.xpr/callPWM/callPWM.runs/synth_1/runme.log
[Fri Jun 30 05:36:38 2023] Launched impl_1...
Run output will be captured here: D:/Github/FlybackConverter-FPGA-based-Digital-Twin/Vivado/flyback_converter_serial.xpr/callPWM/callPWM.runs/impl_1/runme.log
set_property PROBES.FILE {} [get_hw_devices xc7s50_0]
set_property FULL_PROBES.FILE {} [get_hw_devices xc7s50_0]
set_property PROGRAM.FILE {D:/Github/FlybackConverter-FPGA-based-Digital-Twin/Vivado/flyback_converter_serial.xpr/callPWM/callPWM.runs/impl_1/topModule.bit} [get_hw_devices xc7s50_0]
program_hw_devices [get_hw_devices xc7s50_0]
INFO: [Labtools 27-3164] End of startup status: HIGH
refresh_hw_device [lindex [get_hw_devices xc7s50_0] 0]
INFO: [Labtools 27-1434] Device xc7s50 (JTAG device index = 0) is programmed with a design that has no supported debug core(s) in it.
reset_run synth_1
launch_runs impl_1 -to_step write_bitstream -jobs 12
INFO: [Vivado 12-4149] The synthesis checkpoint for IP 'D:/Github/FlybackConverter-FPGA-based-Digital-Twin/Vivado/flyback_converter_serial.xpr/callPWM/callPWM.srcs/sources_1/ip/xadc_wiz_0/xadc_wiz_0.xci' is already up-to-date
[Fri Jun 30 05:40:54 2023] Launched synth_1...
Run output will be captured here: D:/Github/FlybackConverter-FPGA-based-Digital-Twin/Vivado/flyback_converter_serial.xpr/callPWM/callPWM.runs/synth_1/runme.log
[Fri Jun 30 05:40:54 2023] Launched impl_1...
Run output will be captured here: D:/Github/FlybackConverter-FPGA-based-Digital-Twin/Vivado/flyback_converter_serial.xpr/callPWM/callPWM.runs/impl_1/runme.log
set_property PROBES.FILE {} [get_hw_devices xc7s50_0]
set_property FULL_PROBES.FILE {} [get_hw_devices xc7s50_0]
set_property PROGRAM.FILE {D:/Github/FlybackConverter-FPGA-based-Digital-Twin/Vivado/flyback_converter_serial.xpr/callPWM/callPWM.runs/impl_1/topModule.bit} [get_hw_devices xc7s50_0]
program_hw_devices [get_hw_devices xc7s50_0]
INFO: [Labtools 27-3164] End of startup status: HIGH
refresh_hw_device [lindex [get_hw_devices xc7s50_0] 0]
INFO: [Labtools 27-1434] Device xc7s50 (JTAG device index = 0) is programmed with a design that has no supported debug core(s) in it.
set_property PROBES.FILE {} [get_hw_devices xc7s50_0]
set_property FULL_PROBES.FILE {} [get_hw_devices xc7s50_0]
set_property PROGRAM.FILE {D:/Github/FlybackConverter-FPGA-based-Digital-Twin/Vivado/flyback_converter_serial.xpr/callPWM/callPWM.runs/impl_1/topModule.bit} [get_hw_devices xc7s50_0]
program_hw_devices [get_hw_devices xc7s50_0]
INFO: [Labtools 27-3164] End of startup status: HIGH
refresh_hw_device [lindex [get_hw_devices xc7s50_0] 0]
INFO: [Labtools 27-1434] Device xc7s50 (JTAG device index = 0) is programmed with a design that has no supported debug core(s) in it.
reset_run synth_1
launch_runs impl_1 -to_step write_bitstream -jobs 12
INFO: [Vivado 12-4149] The synthesis checkpoint for IP 'D:/Github/FlybackConverter-FPGA-based-Digital-Twin/Vivado/flyback_converter_serial.xpr/callPWM/callPWM.srcs/sources_1/ip/xadc_wiz_0/xadc_wiz_0.xci' is already up-to-date
[Fri Jun 30 05:49:29 2023] Launched synth_1...
Run output will be captured here: D:/Github/FlybackConverter-FPGA-based-Digital-Twin/Vivado/flyback_converter_serial.xpr/callPWM/callPWM.runs/synth_1/runme.log
[Fri Jun 30 05:49:29 2023] Launched impl_1...
Run output will be captured here: D:/Github/FlybackConverter-FPGA-based-Digital-Twin/Vivado/flyback_converter_serial.xpr/callPWM/callPWM.runs/impl_1/runme.log
set_property PROBES.FILE {} [get_hw_devices xc7s50_0]
set_property FULL_PROBES.FILE {} [get_hw_devices xc7s50_0]
set_property PROGRAM.FILE {D:/Github/FlybackConverter-FPGA-based-Digital-Twin/Vivado/flyback_converter_serial.xpr/callPWM/callPWM.runs/impl_1/topModule.bit} [get_hw_devices xc7s50_0]
program_hw_devices [get_hw_devices xc7s50_0]
INFO: [Labtools 27-3164] End of startup status: HIGH
refresh_hw_device [lindex [get_hw_devices xc7s50_0] 0]
INFO: [Labtools 27-1434] Device xc7s50 (JTAG device index = 0) is programmed with a design that has no supported debug core(s) in it.
reset_run synth_1
launch_runs impl_1 -to_step write_bitstream -jobs 12
INFO: [Vivado 12-4149] The synthesis checkpoint for IP 'D:/Github/FlybackConverter-FPGA-based-Digital-Twin/Vivado/flyback_converter_serial.xpr/callPWM/callPWM.srcs/sources_1/ip/xadc_wiz_0/xadc_wiz_0.xci' is already up-to-date
[Fri Jun 30 05:55:27 2023] Launched synth_1...
Run output will be captured here: D:/Github/FlybackConverter-FPGA-based-Digital-Twin/Vivado/flyback_converter_serial.xpr/callPWM/callPWM.runs/synth_1/runme.log
[Fri Jun 30 05:55:27 2023] Launched impl_1...
Run output will be captured here: D:/Github/FlybackConverter-FPGA-based-Digital-Twin/Vivado/flyback_converter_serial.xpr/callPWM/callPWM.runs/impl_1/runme.log
set_property PROBES.FILE {} [get_hw_devices xc7s50_0]
set_property FULL_PROBES.FILE {} [get_hw_devices xc7s50_0]
set_property PROGRAM.FILE {D:/Github/FlybackConverter-FPGA-based-Digital-Twin/Vivado/flyback_converter_serial.xpr/callPWM/callPWM.runs/impl_1/topModule.bit} [get_hw_devices xc7s50_0]
program_hw_devices [get_hw_devices xc7s50_0]
INFO: [Labtools 27-3164] End of startup status: HIGH
refresh_hw_device [lindex [get_hw_devices xc7s50_0] 0]
INFO: [Labtools 27-1434] Device xc7s50 (JTAG device index = 0) is programmed with a design that has no supported debug core(s) in it.
reset_run synth_1
launch_runs impl_1 -to_step write_bitstream -jobs 12
INFO: [Vivado 12-4149] The synthesis checkpoint for IP 'D:/Github/FlybackConverter-FPGA-based-Digital-Twin/Vivado/flyback_converter_serial.xpr/callPWM/callPWM.srcs/sources_1/ip/xadc_wiz_0/xadc_wiz_0.xci' is already up-to-date
[Fri Jun 30 06:05:54 2023] Launched synth_1...
Run output will be captured here: D:/Github/FlybackConverter-FPGA-based-Digital-Twin/Vivado/flyback_converter_serial.xpr/callPWM/callPWM.runs/synth_1/runme.log
[Fri Jun 30 06:05:54 2023] Launched impl_1...
Run output will be captured here: D:/Github/FlybackConverter-FPGA-based-Digital-Twin/Vivado/flyback_converter_serial.xpr/callPWM/callPWM.runs/impl_1/runme.log
set_property PROBES.FILE {} [get_hw_devices xc7s50_0]
set_property FULL_PROBES.FILE {} [get_hw_devices xc7s50_0]
set_property PROGRAM.FILE {D:/Github/FlybackConverter-FPGA-based-Digital-Twin/Vivado/flyback_converter_serial.xpr/callPWM/callPWM.runs/impl_1/topModule.bit} [get_hw_devices xc7s50_0]
program_hw_devices [get_hw_devices xc7s50_0]
INFO: [Labtools 27-3164] End of startup status: HIGH
refresh_hw_device [lindex [get_hw_devices xc7s50_0] 0]
INFO: [Labtools 27-1434] Device xc7s50 (JTAG device index = 0) is programmed with a design that has no supported debug core(s) in it.
reset_run synth_1
launch_runs impl_1 -to_step write_bitstream -jobs 12
INFO: [Vivado 12-4149] The synthesis checkpoint for IP 'D:/Github/FlybackConverter-FPGA-based-Digital-Twin/Vivado/flyback_converter_serial.xpr/callPWM/callPWM.srcs/sources_1/ip/xadc_wiz_0/xadc_wiz_0.xci' is already up-to-date
[Fri Jun 30 06:13:29 2023] Launched synth_1...
Run output will be captured here: D:/Github/FlybackConverter-FPGA-based-Digital-Twin/Vivado/flyback_converter_serial.xpr/callPWM/callPWM.runs/synth_1/runme.log
[Fri Jun 30 06:13:29 2023] Launched impl_1...
Run output will be captured here: D:/Github/FlybackConverter-FPGA-based-Digital-Twin/Vivado/flyback_converter_serial.xpr/callPWM/callPWM.runs/impl_1/runme.log
set_property PROBES.FILE {} [get_hw_devices xc7s50_0]
set_property FULL_PROBES.FILE {} [get_hw_devices xc7s50_0]
set_property PROGRAM.FILE {D:/Github/FlybackConverter-FPGA-based-Digital-Twin/Vivado/flyback_converter_serial.xpr/callPWM/callPWM.runs/impl_1/topModule.bit} [get_hw_devices xc7s50_0]
program_hw_devices [get_hw_devices xc7s50_0]
INFO: [Labtools 27-3164] End of startup status: HIGH
refresh_hw_device [lindex [get_hw_devices xc7s50_0] 0]
INFO: [Labtools 27-1434] Device xc7s50 (JTAG device index = 0) is programmed with a design that has no supported debug core(s) in it.
close_hw_manager
archive_project D:/Github/FlybackConverter-FPGA-based-Digital-Twin/Vivado/PWM_Final.xpr.zip -temp_dir D:/Github/FlybackConverter-FPGA-based-Digital-Twin/Vivado/flyback_converter_serial.xpr/callPWM/.Xil/Vivado-5976-Milanesi-Dell -force -include_local_ip_cache -include_config_settings
INFO: [Coretcl 2-137] starting archive...
INFO: [Coretcl 2-1499] Saving project copy to temporary location 'D:/Github/FlybackConverter-FPGA-based-Digital-Twin/Vivado/flyback_converter_serial.xpr/callPWM/.Xil/Vivado-5976-Milanesi-Dell' for archiving project
INFO: [ProjectBase 1-489] The host OS only allows 260 characters in a normal path. The project is stored in a path with more than 80 characters. If you experience issues with IP, Block Designs, or files not being found, please consider moving the project to a location with a shorter path. Alternately consider using the OS subst command to map part of the path to a drive letter.
Current project path is 'D:/Github/FlybackConverter-FPGA-based-Digital-Twin/Vivado/flyback_converter_serial.xpr/callPWM'
Scanning sources...
Finished scanning sources
INFO: [IP_Flow 19-234] Refreshing IP repositories
INFO: [IP_Flow 19-1704] No user IP repositories specified
INFO: [IP_Flow 19-2313] Loaded Vivado IP repository 'D:/Vivado/2022.2/data/ip'.
INFO: [Coretcl 2-1211] Creating project copy for archival...
INFO: [ProjectBase 1-495] The host OS only allows 260 characters in a normal path. The project is stored in a path with more than 80 characters. If you experience any problem with archiving the project, please consider setting environment variable $TEMP to a shorter path.
Current project path is 'D:/Github/FlybackConverter-FPGA-based-Digital-Twin/Vivado/flyback_converter_serial.xpr/callPWM/.Xil/Vivado-5976-Milanesi-Dell/PrjAr/_X_'.
INFO: [Coretcl 2-1213] Including run results for 'synth_1'
INFO: [Coretcl 2-1213] Including run results for 'impl_1'
INFO: [Coretcl 2-1213] Including run results for 'impl_1_copy_1'
INFO: [Coretcl 2-1212] Importing remotely added design sources and verilog include files (if any)...
INFO: [filemgmt 20-334] All file(s) are already imported in fileset: 'constrs_1'
INFO: [filemgmt 20-348] Importing the appropriate files for fileset: 'constrs_1'
INFO: [filemgmt 20-334] All file(s) are already imported in fileset: 'sim_1'
INFO: [filemgmt 20-348] Importing the appropriate files for fileset: 'sim_1'
INFO: [filemgmt 20-348] Importing the appropriate files for fileset: 'sources_1'
INFO: [Coretcl 2-1209] Adding archive summary file to the project...
INFO: [Coretcl 2-1214] Preparing project files for archive...
INFO: [Coretcl 2-1210] Compressing project files and data...
INFO: [Coretcl 2-1215] Project archived (D:/Github/FlybackConverter-FPGA-based-Digital-Twin/Vivado/PWM_Final.xpr.zip)
INFO: [Coretcl 2-1216] To view the archive summary log in GUI, double click on 'Design Sources->Text->archive_project_summary.txt', or open this file from the archived project directory.
archive_project: Time (s): cpu = 00:00:02 ; elapsed = 00:00:06 . Memory (MB): peak = 3600.844 ; gain = 0.000
exit
INFO: [Common 17-206] Exiting Vivado at Fri Jun 30 06:20:34 2023...
