#-----------------------------------------------------------
# Vivado v2022.2 (64-bit)
# SW Build 3671981 on Fri Oct 14 05:00:03 MDT 2022
# IP Build 3669848 on Fri Oct 14 08:30:02 MDT 2022
# Start of session at: Wed Jul  5 14:43:05 2023
# Process ID: 1760
# Current directory: C:/Users/justu/Downloads/32bit_PID.xpr/callPWM
# Command line: vivado.exe -gui_launcher_event rodinguilauncherevent22840 C:\Users\justu\Downloads\32bit_PID.xpr\callPWM\callPWM.xpr
# Log file: C:/Users/justu/Downloads/32bit_PID.xpr/callPWM/vivado.log
# Journal file: C:/Users/justu/Downloads/32bit_PID.xpr/callPWM\vivado.jou
# Running On: WIN-J8RF69I3SGG, OS: Windows, CPU Frequency: 3696 MHz, CPU Physical cores: 10, Host memory: 34251 MB
#-----------------------------------------------------------
start_gui
open_project C:/Users/justu/Downloads/32bit_PID.xpr/callPWM/callPWM.xpr
WARNING: [Board 49-26] cannot add Board Part xilinx.com:vek280_es:part0:1.0 available at C:/Xilinx/Vivado/2022.2/data/xhub/boards/XilinxBoardStore/boards/Xilinx/vek280/es/1.0/board.xml as part xcve2802-vsvh1760-2lp-e-s-es1 specified in board_part file is either invalid or not available
WARNING: [Board 49-26] cannot add Board Part xilinx.com:vhk158_es:part0:1.0 available at C:/Xilinx/Vivado/2022.2/data/xhub/boards/XilinxBoardStore/boards/Xilinx/vhk158/es/1.0/board.xml as part xcvh1582-vsva3697-2mp-e-s-es1 specified in board_part file is either invalid or not available
WARNING: [Board 49-26] cannot add Board Part xilinx.com:vpk120_es:part0:1.2 available at C:/Xilinx/Vivado/2022.2/data/xhub/boards/XilinxBoardStore/boards/Xilinx/vpk120/es/1.2/board.xml as part xcvp1202-vsva2785-2mp-e-s-es1 specified in board_part file is either invalid or not available
WARNING: [Board 49-26] cannot add Board Part xilinx.com:vpk120_es_revb:part0:1.0 available at C:/Xilinx/Vivado/2022.2/data/xhub/boards/XilinxBoardStore/boards/Xilinx/vpk120_revb/es/1.0/board.xml as part xcvp1202-vsva2785-2mp-e-s-es1 specified in board_part file is either invalid or not available
WARNING: [Board 49-26] cannot add Board Part xilinx.com:vpk180_es:part0:1.0 available at C:/Xilinx/Vivado/2022.2/data/xhub/boards/XilinxBoardStore/boards/Xilinx/vpk180/es/1.0/board.xml as part xcvp1802-lsvc4072-2mp-e-s-es1 specified in board_part file is either invalid or not available
WARNING: [Board 49-26] cannot add Board Part xilinx.com:zcu208ld:part0:2.0 available at C:/Xilinx/Vivado/2022.2/data/xhub/boards/XilinxBoardStore/boards/Xilinx/zcu208ld/production/2.0/board.xml as part xczu58dr-fsvg1517-2-i specified in board_part file is either invalid or not available
WARNING: [Board 49-26] cannot add Board Part xilinx.com:zcu216ld:part0:2.0 available at C:/Xilinx/Vivado/2022.2/data/xhub/boards/XilinxBoardStore/boards/Xilinx/zcu216ld/production/2.0/board.xml as part xczu59dr-ffvf1760-2-i specified in board_part file is either invalid or not available
WARNING: [Board 49-26] cannot add Board Part xilinx.com:zcu670:part0:2.0 available at C:/Xilinx/Vivado/2022.2/data/xhub/boards/XilinxBoardStore/boards/Xilinx/zcu670/2.0/board.xml as part xczu67dr-fsve1156-2-i specified in board_part file is either invalid or not available
WARNING: [Board 49-26] cannot add Board Part xilinx.com:zcu670ld:part0:1.0 available at C:/Xilinx/Vivado/2022.2/data/xhub/boards/XilinxBoardStore/boards/Xilinx/zcu670ld/1.0/board.xml as part xczu57dr-fsve1156-2-i specified in board_part file is either invalid or not available
INFO: [Project 1-313] Project file moved from 'C:/Users/Marco Milanesi/AppData/Roaming/Xilinx/Vivado/.Xil/Vivado-15820-Milanesi-Dell/PrjAr/_X_' since last save.
Scanning sources...
Finished scanning sources
INFO: [IP_Flow 19-234] Refreshing IP repositories
INFO: [IP_Flow 19-1704] No user IP repositories specified
INFO: [IP_Flow 19-2313] Loaded Vivado IP repository 'C:/Xilinx/Vivado/2022.2/data/ip'.
open_project: Time (s): cpu = 00:00:10 ; elapsed = 00:00:07 . Memory (MB): peak = 1842.094 ; gain = 290.824
update_compile_order -fileset sources_1
reset_run synth_1
launch_runs impl_1 -to_step write_bitstream -jobs 20
INFO: [Vivado 12-4149] The synthesis checkpoint for IP 'C:/Users/justu/Downloads/32bit_PID.xpr/callPWM/callPWM.srcs/sources_1/ip/xadc_wiz_0/xadc_wiz_0.xci' is already up-to-date
[Wed Jul  5 14:47:01 2023] Launched synth_1...
Run output will be captured here: C:/Users/justu/Downloads/32bit_PID.xpr/callPWM/callPWM.runs/synth_1/runme.log
[Wed Jul  5 14:47:01 2023] Launched impl_1...
Run output will be captured here: C:/Users/justu/Downloads/32bit_PID.xpr/callPWM/callPWM.runs/impl_1/runme.log
open_hw_manager
connect_hw_server -allow_non_jtag
INFO: [Labtools 27-2285] Connecting to hw_server url TCP:localhost:3121
INFO: [Labtools 27-3415] Connecting to cs_server url TCP:localhost:0
INFO: [Labtools 27-3417] Launching cs_server...
INFO: [Labtools 27-2221] Launch Output:


******** Xilinx cs_server v2022.2.0
  ****** Build date   : Oct 04 2022-16:25:37
    **** Build number : 2022.2.1664925937
      ** Copyright 2017-2023 Xilinx, Inc. All Rights Reserved.



open_hw_target
INFO: [Labtoolstcl 44-466] Opening hw_target localhost:3121/xilinx_tcf/Digilent/210352B7DE7AA
open_hw_target: Time (s): cpu = 00:00:04 ; elapsed = 00:00:05 . Memory (MB): peak = 4045.777 ; gain = 2167.555
set_property PROGRAM.FILE {C:/Users/justu/Downloads/32bit_PID.xpr/callPWM/callPWM.runs/impl_1/topModule.bit} [get_hw_devices xc7s50_0]
current_hw_device [get_hw_devices xc7s50_0]
refresh_hw_device -update_hw_probes false [lindex [get_hw_devices xc7s50_0] 0]
INFO: [Labtools 27-1434] Device xc7s50 (JTAG device index = 0) is programmed with a design that has no supported debug core(s) in it.
set_property PROBES.FILE {} [get_hw_devices xc7s50_0]
set_property FULL_PROBES.FILE {} [get_hw_devices xc7s50_0]
set_property PROGRAM.FILE {C:/Users/justu/Downloads/32bit_PID.xpr/callPWM/callPWM.runs/impl_1/topModule.bit} [get_hw_devices xc7s50_0]
program_hw_devices [get_hw_devices xc7s50_0]
INFO: [Labtools 27-3164] End of startup status: HIGH
refresh_hw_device [lindex [get_hw_devices xc7s50_0] 0]
INFO: [Labtools 27-1434] Device xc7s50 (JTAG device index = 0) is programmed with a design that has no supported debug core(s) in it.
exit
INFO: [Common 17-206] Exiting Vivado at Wed Jul  5 14:58:12 2023...
